Arguments: 
  C:\Program Files\nodejs\node.exe C:\Program Files (x86)\Yarn\bin\yarn.js add apollo-server graphql

PATH: 
  C:\Python27\;C:\Python27\Scripts;C:\WINDOWS\system32;C:\WINDOWS;C:\WINDOWS\System32\Wbem;C:\WINDOWS\System32\WindowsPowerShell\v1.0\;C:\WINDOWS\System32\OpenSSH\;C:\ProgramData\chocolatey\bin;C:\Program Files\Java\jdk1.8.0_211\bin;C:\Program Files (x86)\Yarn\bin\;C:\Program Files\Git\cmd;C:\Users\Muhammad Rafae\AppData\Roaming\nvm;C:\Program Files\nodejs;C:\Program Files\PuTTY\;C:\Program Files\MongoDB\Server\4.2\bin;C:\Users\Muhammad Rafae\AppData\Local\Programs\Microsoft VS Code\bin;C:\Users\Muhammad Rafae\AppData\Local\Microsoft\WindowsApps;C:\Users\Muhammad Rafae\AppData\Local\Android\Sdk\platform-tools;C:\Users\Muhammad Rafae\AppData\Local\Yarn\bin;C:\Users\Muhammad Rafae\AppData\Roaming\nvm;C:\Program Files\nodejs;C:\Users\Muhammad Rafae\AppData\Roaming\nvm;

Yarn version: 
  1.22.4

Node version: 
  12.16.3

Platform: 
  win32 x64

Trace: 
  Error: getaddrinfo ENOTFOUND registry.yarnpkg.com
      at GetAddrInfoReqWrap.onlookup [as oncomplete] (dns.js:64:26)

npm manifest: 
  {
    "name": "graphqlEcommerce",
    "version": "1.0.0",
    "main": "server.js",
    "license": "MIT"
  }

yarn manifest: 
  No manifest

Lockfile: 
  No lockfile
